# JRE version: OpenJDK Runtime Environment (8.0_242-b01) (build 1.8.0_242-release-1644-b01)
# Java VM: OpenJDK 64-Bit Server VM (25.242-b01 mixed mode windows-amd64 compressed oops)
Heap:
 PSYoungGen      total 248832K, used 189993K [0x00000000d5580000, 0x00000000e7980000, 0x0000000100000000)
  eden space 213504K, 79% used [0x00000000d5580000,0x00000000dfc38f10,0x00000000e2600000)
  from space 35328K, 54% used [0x00000000e2600000,0x00000000e38d1868,0x00000000e4880000)
  to   space 34816K, 0% used [0x00000000e5780000,0x00000000e5780000,0x00000000e7980000)
 ParOldGen       total 221696K, used 53443K [0x0000000080000000, 0x000000008d880000, 0x00000000d5580000)
  object space 221696K, 24% used [0x0000000080000000,0x0000000083430d90,0x000000008d880000)
 Metaspace       used 100978K, capacity 105780K, committed 105932K, reserved 1140736K
  class space    used 13268K, capacity 14241K, committed 14336K, reserved 1048576K
GC Heap History (10 events):
Event: 75.859 GC heap before
{Heap before GC invocations=19 (full 3):
 PSYoungGen      total 197120K, used 197109K [0x00000000d5580000, 0x00000000e5880000, 0x0000000100000000)
  eden space 173568K, 100% used [0x00000000d5580000,0x00000000dff00000,0x00000000dff00000)
  from space 23552K, 99% used [0x00000000dff00000,0x00000000e15fd778,0x00000000e1600000)
  to   space 30208K, 0% used [0x00000000e3b00000,0x00000000e3b00000,0x00000000e5880000)
 ParOldGen       total 146432K, used 43404K [0x0000000080000000, 0x0000000088f00000, 0x00000000d5580000)
  object space 146432K, 29% used [0x0000000080000000,0x0000000082a63190,0x0000000088f00000)
 Metaspace       used 93608K, capacity 98180K, committed 98380K, reserved 1134592K
  class space    used 12426K, capacity 13359K, committed 13440K, reserved 1048576K
Event: 75.996 GC heap after
Heap after GC invocations=19 (full 3):
 PSYoungGen      total 227328K, used 30180K [0x00000000d5580000, 0x00000000e6380000, 0x0000000100000000)
  eden space 197120K, 0% used [0x00000000d5580000,0x00000000d5580000,0x00000000e1600000)
  from space 30208K, 99% used [0x00000000e3b00000,0x00000000e5879260,0x00000000e5880000)
  to   space 37888K, 0% used [0x00000000e1600000,0x00000000e1600000,0x00000000e3b00000)
 ParOldGen       total 146432K, used 52337K [0x0000000080000000, 0x0000000088f00000, 0x00000000d5580000)
  object space 146432K, 35% used [0x0000000080000000,0x000000008331c768,0x0000000088f00000)
 Metaspace       used 93608K, capacity 98180K, committed 98380K, reserved 1134592K
  class space    used 12426K, capacity 13359K, committed 13440K, reserved 1048576K
}
Event: 164.845 GC heap before
{Heap before GC invocations=20 (full 3):
 PSYoungGen      total 227328K, used 33348K [0x00000000d5580000, 0x00000000e6380000, 0x0000000100000000)
  eden space 197120K, 1% used [0x00000000d5580000,0x00000000d5898168,0x00000000e1600000)
  from space 30208K, 99% used [0x00000000e3b00000,0x00000000e5879260,0x00000000e5880000)
  to   space 37888K, 0% used [0x00000000e1600000,0x00000000e1600000,0x00000000e3b00000)
 ParOldGen       total 146432K, used 52337K [0x0000000080000000, 0x0000000088f00000, 0x00000000d5580000)
  object space 146432K, 35% used [0x0000000080000000,0x000000008331c768,0x0000000088f00000)
 Metaspace       used 93652K, capacity 98192K, committed 98380K, reserved 1134592K
  class space    used 12427K, capacity 13361K, committed 13440K, reserved 1048576K
Event: 164.891 GC heap after
Heap after GC invocations=20 (full 3):
 PSYoungGen      total 235008K, used 9793K [0x00000000d5580000, 0x00000000e6e80000, 0x0000000100000000)
  eden space 197120K, 0% used [0x00000000d5580000,0x00000000d5580000,0x00000000e1600000)
  from space 37888K, 25% used [0x00000000e1600000,0x00000000e1f90600,0x00000000e3b00000)
  to   space 36864K, 0% used [0x00000000e4a80000,0x00000000e4a80000,0x00000000e6e80000)
 ParOldGen       total 146432K, used 68461K [0x0000000080000000, 0x0000000088f00000, 0x00000000d5580000)
  object space 146432K, 46% used [0x0000000080000000,0x00000000842db7c0,0x0000000088f00000)
 Metaspace       used 93652K, capacity 98192K, committed 98380K, reserved 1134592K
  class space    used 12427K, capacity 13361K, committed 13440K, reserved 1048576K
}
Event: 164.891 GC heap before
{Heap before GC invocations=21 (full 4):
 PSYoungGen      total 235008K, used 9793K [0x00000000d5580000, 0x00000000e6e80000, 0x0000000100000000)
  eden space 197120K, 0% used [0x00000000d5580000,0x00000000d5580000,0x00000000e1600000)
  from space 37888K, 25% used [0x00000000e1600000,0x00000000e1f90600,0x00000000e3b00000)
  to   space 36864K, 0% used [0x00000000e4a80000,0x00000000e4a80000,0x00000000e6e80000)
 ParOldGen       total 146432K, used 68461K [0x0000000080000000, 0x0000000088f00000, 0x00000000d5580000)
  object space 146432K, 46% used [0x0000000080000000,0x00000000842db7c0,0x0000000088f00000)
 Metaspace       used 93652K, capacity 98192K, committed 98380K, reserved 1134592K
  class space    used 12427K, capacity 13361K, committed 13440K, reserved 1048576K
Event: 165.255 GC heap after
Heap after GC invocations=21 (full 4):
 PSYoungGen      total 235008K, used 0K [0x00000000d5580000, 0x00000000e6e80000, 0x0000000100000000)
  eden space 197120K, 0% used [0x00000000d5580000,0x00000000d5580000,0x00000000e1600000)
  from space 37888K, 0% used [0x00000000e1600000,0x00000000e1600000,0x00000000e3b00000)
  to   space 36864K, 0% used [0x00000000e4a80000,0x00000000e4a80000,0x00000000e6e80000)
 ParOldGen       total 221696K, used 53427K [0x0000000080000000, 0x000000008d880000, 0x00000000d5580000)
  object space 221696K, 24% used [0x0000000080000000,0x000000008342cd90,0x000000008d880000)
 Metaspace       used 93497K, capacity 97726K, committed 98380K, reserved 1134592K
  class space    used 12379K, capacity 13254K, committed 13440K, reserved 1048576K
}
Event: 1526.467 GC heap before
{Heap before GC invocations=22 (full 4):
 PSYoungGen      total 235008K, used 197120K [0x00000000d5580000, 0x00000000e6e80000, 0x0000000100000000)
  eden space 197120K, 100% used [0x00000000d5580000,0x00000000e1600000,0x00000000e1600000)
  from space 37888K, 0% used [0x00000000e1600000,0x00000000e1600000,0x00000000e3b00000)
  to   space 36864K, 0% used [0x00000000e4a80000,0x00000000e4a80000,0x00000000e6e80000)
 ParOldGen       total 221696K, used 53427K [0x0000000080000000, 0x000000008d880000, 0x00000000d5580000)
  object space 221696K, 24% used [0x0000000080000000,0x000000008342cd90,0x000000008d880000)
 Metaspace       used 95855K, capacity 100306K, committed 100556K, reserved 1136640K
  class space    used 12634K, capacity 13552K, committed 13568K, reserved 1048576K
Event: 1526.492 GC heap after
Heap after GC invocations=22 (full 4):
 PSYoungGen      total 246784K, used 16957K [0x00000000d5580000, 0x00000000e6b00000, 0x0000000100000000)
  eden space 213504K, 0% used [0x00000000d5580000,0x00000000d5580000,0x00000000e2600000)
  from space 33280K, 50% used [0x00000000e4a80000,0x00000000e5b0f690,0x00000000e6b00000)
  to   space 35328K, 0% used [0x00000000e2600000,0x00000000e2600000,0x00000000e4880000)
 ParOldGen       total 221696K, used 53435K [0x0000000080000000, 0x000000008d880000, 0x00000000d5580000)
  object space 221696K, 24% used [0x0000000080000000,0x000000008342ed90,0x000000008d880000)
 Metaspace       used 95855K, capacity 100306K, committed 100556K, reserved 1136640K
  class space    used 12634K, capacity 13552K, committed 13568K, reserved 1048576K
}
Event: 1536.604 GC heap before
{Heap before GC invocations=23 (full 4):
 PSYoungGen      total 246784K, used 230461K [0x00000000d5580000, 0x00000000e6b00000, 0x0000000100000000)
  eden space 213504K, 100% used [0x00000000d5580000,0x00000000e2600000,0x00000000e2600000)
  from space 33280K, 50% used [0x00000000e4a80000,0x00000000e5b0f690,0x00000000e6b00000)
  to   space 35328K, 0% used [0x00000000e2600000,0x00000000e2600000,0x00000000e4880000)
 ParOldGen       total 221696K, used 53435K [0x0000000080000000, 0x000000008d880000, 0x00000000d5580000)
  object space 221696K, 24% used [0x0000000080000000,0x000000008342ed90,0x000000008d880000)
 Metaspace       used 99043K, capacity 103650K, committed 103756K, reserved 1138688K
  class space    used 12971K, capacity 13910K, committed 13952K, reserved 1048576K
Event: 1536.633 GC heap after
Heap after GC invocations=23 (full 4):
 PSYoungGen      total 248832K, used 19270K [0x00000000d5580000, 0x00000000e7980000, 0x0000000100000000)
  eden space 213504K, 0% used [0x00000000d5580000,0x00000000d5580000,0x00000000e2600000)
  from space 35328K, 54% used [0x00000000e2600000,0x00000000e38d1868,0x00000000e4880000)
  to   space 34816K, 0% used [0x00000000e5780000,0x00000000e5780000,0x00000000e7980000)
 ParOldGen       total 221696K, used 53443K [0x0000000080000000, 0x000000008d880000, 0x00000000d5580000)
  object space 221696K, 24% used [0x0000000080000000,0x0000000083430d90,0x000000008d880000)
 Metaspace       used 99043K, capacity 103650K, committed 103756K, reserved 1138688K
  class space    used 12971K, capacity 13910K, committed 13952K, reserved 1048576K
}

